Removed Pin From Net: NetName=3.3V Pin=JP2-1
Removed Pin From Net: NetName=3.3V Pin=JP2-2
Removed Pin From Net: NetName=GND Pin=JP2-3
Removed Pin From Net: NetName=GND Pin=JP2-4
Removed Pin From Net: NetName=AD5/SCL Pin=JP3-1
Removed Pin From Net: NetName=AD4/SDA Pin=JP3-2
Removed Pin From Net: NetName=5V Pin=JP3-3
Removed Pin From Net: NetName=GND Pin=JP3-4
Removed Pin From Net: NetName=IO0/RXD Pin=JP4-1
Removed Pin From Net: NetName=IO1/TXD Pin=JP4-2
Removed Pin From Net: NetName=5V Pin=JP4-3
Removed Pin From Net: NetName=GND Pin=JP4-4
Removed Member From Class: ClassName=SCH_Srduino_uno_r3_THT Member=JP11
Removed Member From Class: ClassName=SCH_Srduino_uno_r3_THT Member=JP12
Removed Member From Class: ClassName=SCH_Srduino_uno_r3_THT Member=JP13
Change Component Designator: OldDesignator=JP5 NewDesignator=JP2
Change Component Designator: OldDesignator=JP6 NewDesignator=JP3
Change Component Designator: OldDesignator=JP7 NewDesignator=JP4
Change Component Designator: OldDesignator=JP8 NewDesignator=JP5
Change Component Designator: OldDesignator=JP9 NewDesignator=JP6
Change Component Designator: OldDesignator=JP10 NewDesignator=JP7
Change Component Designator: OldDesignator=JP11 NewDesignator=JP8
Change Component Designator: OldDesignator=JP12 NewDesignator=JP9
Change Component Designator: OldDesignator=JP13 NewDesignator=JP10
Change Component Designator: OldDesignator=ON NewDesignator=ON1
Change Component Designator: OldDesignator=U1 NewDesignator=U2
Change Component Designator: OldDesignator=U NewDesignator=U1
Change Net Name : Old Net Name=NetON_1 New Net Name=NetON1_1
Added Room: Name=SCH_Srduino_uno_r3_THT
