Replace Part AMS? AMS1117_5V SMD in D:\CMN's DATA\Altium\Projests\PRJ_Arduino_uno_r3_THT\SCH_Arduino_uno_r3_THT.SchDoc with AMS1117_5V SMD from CMN.IntLib
Replace Part AMS? AMS1117_3V3 SMD in D:\CMN's DATA\Altium\Projests\PRJ_Arduino_uno_r3_THT\SCH_Arduino_uno_r3_THT.SchDoc with AMS1117_3V3 SMD from CMN.IntLib
Replace Part C? Tu 0805 104 50V 10% in D:\CMN's DATA\Altium\Projests\PRJ_Arduino_uno_r3_THT\SCH_Arduino_uno_r3_THT.SchDoc with Tu 0805 104 50V 10% from CMN.IntLib
Replace Part C? Tu Nhom 47uF 50V in D:\CMN's DATA\Altium\Projests\PRJ_Arduino_uno_r3_THT\SCH_Arduino_uno_r3_THT.SchDoc with Tu Nhom 47uF 50V from CMN.IntLib
Replace Part C? Tu Nhom 47uF 50V in D:\CMN's DATA\Altium\Projests\PRJ_Arduino_uno_r3_THT\SCH_Arduino_uno_r3_THT.SchDoc with Tu Nhom 47uF 50V from CMN.IntLib
Replace Part C? Tu 0805 104 50V 10% in D:\CMN's DATA\Altium\Projests\PRJ_Arduino_uno_r3_THT\SCH_Arduino_uno_r3_THT.SchDoc with Tu 0805 104 50V 10% from CMN.IntLib
Replace Part C? Tu 0805 104 50V 10% in D:\CMN's DATA\Altium\Projests\PRJ_Arduino_uno_r3_THT\SCH_Arduino_uno_r3_THT.SchDoc with Tu 0805 104 50V 10% from CMN.IntLib
Replace Part C? Tu 0805 104 50V 10% in D:\CMN's DATA\Altium\Projests\PRJ_Arduino_uno_r3_THT\SCH_Arduino_uno_r3_THT.SchDoc with Tu 0805 104 50V 10% from CMN.IntLib
Replace Part C? Tu 0805 104 50V 10% in D:\CMN's DATA\Altium\Projests\PRJ_Arduino_uno_r3_THT\SCH_Arduino_uno_r3_THT.SchDoc with Tu 0805 104 50V 10% from CMN.IntLib
Replace Part D? Diode M7 in D:\CMN's DATA\Altium\Projests\PRJ_Arduino_uno_r3_THT\SCH_Arduino_uno_r3_THT.SchDoc with Diode M7 from CMN.IntLib
Replace Part F? Cau chi 0.5A 125V SMD1808 in D:\CMN's DATA\Altium\Projests\PRJ_Arduino_uno_r3_THT\SCH_Arduino_uno_r3_THT.SchDoc with Cau chi 0.5A 125V SMD1808 from CMN.IntLib
Replace Part IC? LM358 SOP8 in D:\CMN's DATA\Altium\Projests\PRJ_Arduino_uno_r3_THT\SCH_Arduino_uno_r3_THT.SchDoc with LM358 SOP8 from CMN.IntLib
Replace Part JACK DC? JACK DC 5.5 in D:\CMN's DATA\Altium\Projests\PRJ_Arduino_uno_r3_THT\SCH_Arduino_uno_r3_THT.SchDoc with JACK DC 5.5 from CMN.IntLib
Replace Part JP? JP 1x4 2.54 Duc Thang in D:\CMN's DATA\Altium\Projests\PRJ_Arduino_uno_r3_THT\SCH_Arduino_uno_r3_THT.SchDoc with JP 1x4 2.54 Duc Thang from CMN.IntLib
Replace Part JP? JP 2x3 2.54 Duc Thang in D:\CMN's DATA\Altium\Projests\PRJ_Arduino_uno_r3_THT\SCH_Arduino_uno_r3_THT.SchDoc with JP 2x3 2.54 Duc Thang from CMN.IntLib
Replace Part JP? JP 1x10 2.54 Cai Thang in D:\CMN's DATA\Altium\Projests\PRJ_Arduino_uno_r3_THT\SCH_Arduino_uno_r3_THT.SchDoc with JP 1x10 2.54 Cai Thang from CMN.IntLib
Replace Part JP? JP 1x8 2.54 Cai Thang in D:\CMN's DATA\Altium\Projests\PRJ_Arduino_uno_r3_THT\SCH_Arduino_uno_r3_THT.SchDoc with JP 1x8 2.54 Cai Thang from CMN.IntLib
Replace Part JP? JP 1x8 2.54 Cai Thang in D:\CMN's DATA\Altium\Projests\PRJ_Arduino_uno_r3_THT\SCH_Arduino_uno_r3_THT.SchDoc with JP 1x8 2.54 Cai Thang from CMN.IntLib
Replace Part JP? JP 1x6 2.54 Cai Thang in D:\CMN's DATA\Altium\Projests\PRJ_Arduino_uno_r3_THT\SCH_Arduino_uno_r3_THT.SchDoc with JP 1x6 2.54 Cai Thang from CMN.IntLib
Replace Part L? LED 0805 Do in D:\CMN's DATA\Altium\Projests\PRJ_Arduino_uno_r3_THT\SCH_Arduino_uno_r3_THT.SchDoc with LED 0805 Do from CMN.IntLib
Replace Part L? LED 0805 Do in D:\CMN's DATA\Altium\Projests\PRJ_Arduino_uno_r3_THT\SCH_Arduino_uno_r3_THT.SchDoc with LED 0805 Do from CMN.IntLib
Replace Part L? LED 0805 Do in D:\CMN's DATA\Altium\Projests\PRJ_Arduino_uno_r3_THT\SCH_Arduino_uno_r3_THT.SchDoc with LED 0805 Do from CMN.IntLib
Replace Part L? LED 0805 Do in D:\CMN's DATA\Altium\Projests\PRJ_Arduino_uno_r3_THT\SCH_Arduino_uno_r3_THT.SchDoc with LED 0805 Do from CMN.IntLib
Replace Part Q? IRLML6402PbF in D:\CMN's DATA\Altium\Projests\PRJ_Arduino_uno_r3_THT\SCH_Arduino_uno_r3_THT.SchDoc with IRLML6402PbF from CMN.IntLib
Replace Part R? Tro 0805 5% 1k in D:\CMN's DATA\Altium\Projests\PRJ_Arduino_uno_r3_THT\SCH_Arduino_uno_r3_THT.SchDoc with Tro 0805 5% 1k from CMN.IntLib
Replace Part R? Tro 0805 5% 1k in D:\CMN's DATA\Altium\Projests\PRJ_Arduino_uno_r3_THT\SCH_Arduino_uno_r3_THT.SchDoc with Tro 0805 5% 1k from CMN.IntLib
Replace Part R? Tro 0805 5% 1k in D:\CMN's DATA\Altium\Projests\PRJ_Arduino_uno_r3_THT\SCH_Arduino_uno_r3_THT.SchDoc with Tro 0805 5% 1k from CMN.IntLib
Replace Part R? Tro 0805 5% 1k in D:\CMN's DATA\Altium\Projests\PRJ_Arduino_uno_r3_THT\SCH_Arduino_uno_r3_THT.SchDoc with Tro 0805 5% 1k from CMN.IntLib
Replace Part R? Tro 0805 5% 1k in D:\CMN's DATA\Altium\Projests\PRJ_Arduino_uno_r3_THT\SCH_Arduino_uno_r3_THT.SchDoc with Tro 0805 5% 1k from CMN.IntLib
Replace Part R? Tro 0805 5% 10k in D:\CMN's DATA\Altium\Projests\PRJ_Arduino_uno_r3_THT\SCH_Arduino_uno_r3_THT.SchDoc with Tro 0805 5% 10k from CMN.IntLib
Replace Part R? Tro 0805 5% 10k in D:\CMN's DATA\Altium\Projests\PRJ_Arduino_uno_r3_THT\SCH_Arduino_uno_r3_THT.SchDoc with Tro 0805 5% 10k from CMN.IntLib
Replace Part R? Tro 0805 5% 1k in D:\CMN's DATA\Altium\Projests\PRJ_Arduino_uno_r3_THT\SCH_Arduino_uno_r3_THT.SchDoc with Tro 0805 5% 1k from CMN.IntLib
Replace Part USB? USB Micro 5p SMD in D:\CMN's DATA\Altium\Projests\PRJ_Arduino_uno_r3_THT\SCH_Arduino_uno_r3_THT.SchDoc with USB Micro 5p SMD from CMN.IntLib
