Replace Part 13 LED 0805 Do in D:\CMN's DATA\Altium\Projests\PRJ_Arduino_uno_r3_THT\SCH_Arduino_uno_r3_THT.SchDoc with LED 0805 Do from CMN.IntLib
Replace Part AMS1 AMS1117_5V SMD in D:\CMN's DATA\Altium\Projests\PRJ_Arduino_uno_r3_THT\SCH_Arduino_uno_r3_THT.SchDoc with AMS1117_5V SMD from CMN.IntLib
Replace Part AMS2 AMS1117_3V3 SMD in D:\CMN's DATA\Altium\Projests\PRJ_Arduino_uno_r3_THT\SCH_Arduino_uno_r3_THT.SchDoc with AMS1117_3V3 SMD from CMN.IntLib
Replace Part BT1 Nut Nhan 2 Chan SMD 3x6x2.5 in D:\CMN's DATA\Altium\Projests\PRJ_Arduino_uno_r3_THT\SCH_Arduino_uno_r3_THT.SchDoc with Nut Nhan 2 Chan SMD 3x6x2.5 from CMN.IntLib
Replace Part C1 Tu Nhom 47uF 50V in D:\CMN's DATA\Altium\Projests\PRJ_Arduino_uno_r3_THT\SCH_Arduino_uno_r3_THT.SchDoc with Tu Nhom 47uF 50V from CMN.IntLib
Replace Part C2 Tu Nhom 47uF 50V in D:\CMN's DATA\Altium\Projests\PRJ_Arduino_uno_r3_THT\SCH_Arduino_uno_r3_THT.SchDoc with Tu Nhom 47uF 50V from CMN.IntLib
Replace Part C3 Tu 0805 104 50V 10% in D:\CMN's DATA\Altium\Projests\PRJ_Arduino_uno_r3_THT\SCH_Arduino_uno_r3_THT.SchDoc with Tu 0805 104 50V 10% from CMN.IntLib
Replace Part C4 Tu 0805 104 50V 10% in D:\CMN's DATA\Altium\Projests\PRJ_Arduino_uno_r3_THT\SCH_Arduino_uno_r3_THT.SchDoc with Tu 0805 104 50V 10% from CMN.IntLib
Replace Part C5 Tu 0805 104 50V 10% in D:\CMN's DATA\Altium\Projests\PRJ_Arduino_uno_r3_THT\SCH_Arduino_uno_r3_THT.SchDoc with Tu 0805 104 50V 10% from CMN.IntLib
Replace Part C6 Tu 0805 104 50V 10% in D:\CMN's DATA\Altium\Projests\PRJ_Arduino_uno_r3_THT\SCH_Arduino_uno_r3_THT.SchDoc with Tu 0805 104 50V 10% from CMN.IntLib
Replace Part C7 Tu 0805 104 50V 10% in D:\CMN's DATA\Altium\Projests\PRJ_Arduino_uno_r3_THT\SCH_Arduino_uno_r3_THT.SchDoc with Tu 0805 104 50V 10% from CMN.IntLib
Replace Part C8 Tu 0805 104 50V 10% in D:\CMN's DATA\Altium\Projests\PRJ_Arduino_uno_r3_THT\SCH_Arduino_uno_r3_THT.SchDoc with Tu 0805 104 50V 10% from CMN.IntLib
Replace Part C9 Tu 0805 22pF 50V 10% in D:\CMN's DATA\Altium\Projests\PRJ_Arduino_uno_r3_THT\SCH_Arduino_uno_r3_THT.SchDoc with Tu 0805 22pF 50V 10% from CMN.IntLib
Replace Part C10 Tu 0805 104 50V 10% in D:\CMN's DATA\Altium\Projests\PRJ_Arduino_uno_r3_THT\SCH_Arduino_uno_r3_THT.SchDoc with Tu 0805 104 50V 10% from CMN.IntLib
Replace Part C11 Tu 0805 22pF 50V 10% in D:\CMN's DATA\Altium\Projests\PRJ_Arduino_uno_r3_THT\SCH_Arduino_uno_r3_THT.SchDoc with Tu 0805 22pF 50V 10% from CMN.IntLib
Replace Part C12 Tu 0805 104 50V 10% in D:\CMN's DATA\Altium\Projests\PRJ_Arduino_uno_r3_THT\SCH_Arduino_uno_r3_THT.SchDoc with Tu 0805 104 50V 10% from CMN.IntLib
Replace Part C13 Tu 0805 104 50V 10% in D:\CMN's DATA\Altium\Projests\PRJ_Arduino_uno_r3_THT\SCH_Arduino_uno_r3_THT.SchDoc with Tu 0805 104 50V 10% from CMN.IntLib
Replace Part D1 Diode M7 in D:\CMN's DATA\Altium\Projests\PRJ_Arduino_uno_r3_THT\SCH_Arduino_uno_r3_THT.SchDoc with Diode M7 from CMN.IntLib
Replace Part D2 CD1206-S01575 in D:\CMN's DATA\Altium\Projests\PRJ_Arduino_uno_r3_THT\SCH_Arduino_uno_r3_THT.SchDoc with CD1206-S01575 from CMN.IntLib
Replace Part F1 Cau chi 0.5A 125V SMD1808 in D:\CMN's DATA\Altium\Projests\PRJ_Arduino_uno_r3_THT\SCH_Arduino_uno_r3_THT.SchDoc with Cau chi 0.5A 125V SMD1808 from CMN.IntLib
Replace Part IC1 LM358 SOP8 in D:\CMN's DATA\Altium\Projests\PRJ_Arduino_uno_r3_THT\SCH_Arduino_uno_r3_THT.SchDoc with LM358 SOP8 from CMN.IntLib
Replace Part JACK DC1 JACK DC 5.5 in D:\CMN's DATA\Altium\Projests\PRJ_Arduino_uno_r3_THT\SCH_Arduino_uno_r3_THT.SchDoc with JACK DC 5.5 from CMN.IntLib
Replace Part JP1 JP 2x3 2.54 Duc Thang in D:\CMN's DATA\Altium\Projests\PRJ_Arduino_uno_r3_THT\SCH_Arduino_uno_r3_THT.SchDoc with JP 2x3 2.54 Duc Thang from CMN.IntLib
Replace Part JP2 JP 1x10 2.54 Cai Thang in D:\CMN's DATA\Altium\Projests\PRJ_Arduino_uno_r3_THT\SCH_Arduino_uno_r3_THT.SchDoc with JP 1x10 2.54 Cai Thang from CMN.IntLib
Replace Part JP3 JP 1x8 2.54 Cai Thang in D:\CMN's DATA\Altium\Projests\PRJ_Arduino_uno_r3_THT\SCH_Arduino_uno_r3_THT.SchDoc with JP 1x8 2.54 Cai Thang from CMN.IntLib
Replace Part JP4 JP 1x8 2.54 Cai Thang in D:\CMN's DATA\Altium\Projests\PRJ_Arduino_uno_r3_THT\SCH_Arduino_uno_r3_THT.SchDoc with JP 1x8 2.54 Cai Thang from CMN.IntLib
Replace Part JP5 JP 1x6 2.54 Cai Thang in D:\CMN's DATA\Altium\Projests\PRJ_Arduino_uno_r3_THT\SCH_Arduino_uno_r3_THT.SchDoc with JP 1x6 2.54 Cai Thang from CMN.IntLib
Replace Part JP6 JP 1x4 2.54 Duc Thang in D:\CMN's DATA\Altium\Projests\PRJ_Arduino_uno_r3_THT\SCH_Arduino_uno_r3_THT.SchDoc with JP 1x4 2.54 Duc Thang from CMN.IntLib
Replace Part L1 LED 0805 Do in D:\CMN's DATA\Altium\Projests\PRJ_Arduino_uno_r3_THT\SCH_Arduino_uno_r3_THT.SchDoc with LED 0805 Do from CMN.IntLib
Replace Part ON LED 0805 Do in D:\CMN's DATA\Altium\Projests\PRJ_Arduino_uno_r3_THT\SCH_Arduino_uno_r3_THT.SchDoc with LED 0805 Do from CMN.IntLib
Replace Part Q1 IRLML6402PbF in D:\CMN's DATA\Altium\Projests\PRJ_Arduino_uno_r3_THT\SCH_Arduino_uno_r3_THT.SchDoc with IRLML6402PbF from CMN.IntLib
Replace Part R1 Tro 0805 5% 1k in D:\CMN's DATA\Altium\Projests\PRJ_Arduino_uno_r3_THT\SCH_Arduino_uno_r3_THT.SchDoc with Tro 0805 5% 1k from CMN.IntLib
Replace Part R2 Tro 0805 5% 10k in D:\CMN's DATA\Altium\Projests\PRJ_Arduino_uno_r3_THT\SCH_Arduino_uno_r3_THT.SchDoc with Tro 0805 5% 10k from CMN.IntLib
Replace Part R3 Tro 0805 5% 1k in D:\CMN's DATA\Altium\Projests\PRJ_Arduino_uno_r3_THT\SCH_Arduino_uno_r3_THT.SchDoc with Tro 0805 5% 1k from CMN.IntLib
Replace Part R4 Tro 0805 5% 10k in D:\CMN's DATA\Altium\Projests\PRJ_Arduino_uno_r3_THT\SCH_Arduino_uno_r3_THT.SchDoc with Tro 0805 5% 10k from CMN.IntLib
Replace Part R5 Tro 0805 5% 1k in D:\CMN's DATA\Altium\Projests\PRJ_Arduino_uno_r3_THT\SCH_Arduino_uno_r3_THT.SchDoc with Tro 0805 5% 1k from CMN.IntLib
Replace Part R6 Tro 0805 5% 1k in D:\CMN's DATA\Altium\Projests\PRJ_Arduino_uno_r3_THT\SCH_Arduino_uno_r3_THT.SchDoc with Tro 0805 5% 1k from CMN.IntLib
Replace Part R7 Tro 0805 5% 1k in D:\CMN's DATA\Altium\Projests\PRJ_Arduino_uno_r3_THT\SCH_Arduino_uno_r3_THT.SchDoc with Tro 0805 5% 1k from CMN.IntLib
Replace Part R8 Tro 0805 5% 1k in D:\CMN's DATA\Altium\Projests\PRJ_Arduino_uno_r3_THT\SCH_Arduino_uno_r3_THT.SchDoc with Tro 0805 5% 1k from CMN.IntLib
Replace Part R9 Tro 0805 5% 1k in D:\CMN's DATA\Altium\Projests\PRJ_Arduino_uno_r3_THT\SCH_Arduino_uno_r3_THT.SchDoc with Tro 0805 5% 1k from CMN.IntLib
Replace Part R10 Tro 0805 5% 10k in D:\CMN's DATA\Altium\Projests\PRJ_Arduino_uno_r3_THT\SCH_Arduino_uno_r3_THT.SchDoc with Tro 0805 5% 10k from CMN.IntLib
Replace Part R11 Tro 0805 5% 1M in D:\CMN's DATA\Altium\Projests\PRJ_Arduino_uno_r3_THT\SCH_Arduino_uno_r3_THT.SchDoc with Tro 0805 5% 1M from CMN.IntLib
Replace Part R12 Tro 0805 5% 1k in D:\CMN's DATA\Altium\Projests\PRJ_Arduino_uno_r3_THT\SCH_Arduino_uno_r3_THT.SchDoc with Tro 0805 5% 1k from CMN.IntLib
Replace Part RX LED 0805 Do in D:\CMN's DATA\Altium\Projests\PRJ_Arduino_uno_r3_THT\SCH_Arduino_uno_r3_THT.SchDoc with LED 0805 Do from CMN.IntLib
Replace Part TX LED 0805 Do in D:\CMN's DATA\Altium\Projests\PRJ_Arduino_uno_r3_THT\SCH_Arduino_uno_r3_THT.SchDoc with LED 0805 Do from CMN.IntLib
Replace Part U1 ATMEGA328P-PU in D:\CMN's DATA\Altium\Projests\PRJ_Arduino_uno_r3_THT\SCH_Arduino_uno_r3_THT.SchDoc with ATMEGA328P-PU from CMN.IntLib
Replace Part U2 CH340C in D:\CMN's DATA\Altium\Projests\PRJ_Arduino_uno_r3_THT\SCH_Arduino_uno_r3_THT.SchDoc with CH340C from CMN.IntLib
Replace Part USB1 USB Micro 5p SMD in D:\CMN's DATA\Altium\Projests\PRJ_Arduino_uno_r3_THT\SCH_Arduino_uno_r3_THT.SchDoc with USB Micro 5p SMD from CMN.IntLib
Replace Part Y1 Thach Anh 2 chan SMD in D:\CMN's DATA\Altium\Projests\PRJ_Arduino_uno_r3_THT\SCH_Arduino_uno_r3_THT.SchDoc with Thach Anh 2 chan SMD from CMN.IntLib
