Change Component Designator: Old Designator=AMS3 New Designator=AMS1
Change Component Designator: Old Designator=AMS4 New Designator=AMS2
Change Component Designator: Old Designator=BT2 New Designator=BT1
Change Component Designator: Old Designator=C15 New Designator=C1
Change Component Designator: Old Designator=C16 New Designator=C2
Change Component Designator: Old Designator=C17 New Designator=C3
Change Component Designator: Old Designator=C18 New Designator=C4
Change Component Designator: Old Designator=C19 New Designator=C5
Change Component Designator: Old Designator=C20 New Designator=C6
Change Component Designator: Old Designator=C21 New Designator=C7
Change Component Designator: Old Designator=C22 New Designator=C8
Change Component Designator: Old Designator=C23 New Designator=C9
Change Component Designator: Old Designator=C24 New Designator=C10
Change Component Designator: Old Designator=C25 New Designator=C11
Change Component Designator: Old Designator=C26 New Designator=C12
Change Component Designator: Old Designator=C27 New Designator=C13
Change Component Designator: Old Designator=D3 New Designator=D1
Change Component Designator: Old Designator=D4 New Designator=D2
Change Component Designator: Old Designator=F2 New Designator=F1
Change Component Designator: Old Designator=IC2 New Designator=IC1
Change Component Designator: Old Designator=JACK DC2 New Designator=JACK DC1
Change Component Designator: Old Designator=JP11 New Designator=JP1
Change Component Designator: Old Designator=JP12 New Designator=JP2
Change Component Designator: Old Designator=JP13 New Designator=JP3
Change Component Designator: Old Designator=JP14 New Designator=JP4
Change Component Designator: Old Designator=JP15 New Designator=JP5
Change Component Designator: Old Designator=JP16 New Designator=JP6
Change Component Designator: Old Designator=L4 New Designator=L1
Change Component Designator: Old Designator=L6 New Designator=L2
Change Component Designator: Old Designator=L7 New Designator=L3
Change Component Designator: Old Designator=L8 New Designator=L4
Change Component Designator: Old Designator=ON New Designator=ON1
Change Component Designator: Old Designator=Q2 New Designator=Q1
Change Component Designator: Old Designator=R13 New Designator=R1
Change Component Designator: Old Designator=R14 New Designator=R2
Change Component Designator: Old Designator=R15 New Designator=R3
Change Component Designator: Old Designator=R16 New Designator=R4
Change Component Designator: Old Designator=R17 New Designator=R5
Change Component Designator: Old Designator=R18 New Designator=R6
Change Component Designator: Old Designator=R19 New Designator=R7
Change Component Designator: Old Designator=R20 New Designator=R8
Change Component Designator: Old Designator=R21 New Designator=R9
Change Component Designator: Old Designator=R22 New Designator=R10
Change Component Designator: Old Designator=R23 New Designator=R11
Change Component Designator: Old Designator=R24 New Designator=R12
Change Component Designator: Old Designator=U3 New Designator=U2
Change Component Designator: Old Designator=U New Designator=U1
Change Component Designator: Old Designator=USB2 New Designator=USB1
Change Component Designator: Old Designator=Y3 New Designator=Y1
